<?xml version="1.0" encoding="UTF-8"?>
<testng-results skipped="0" failed="0" total="1" passed="1">
  <reporter-output>
  </reporter-output>
  <suite name="Default suite" duration-ms="43" started-at="2016-08-04T14:51:43Z" finished-at="2016-08-04T14:51:43Z">
    <groups>
    </groups>
    <test name="Default test" duration-ms="43" started-at="2016-08-04T14:51:43Z" finished-at="2016-08-04T14:51:43Z">
      <class name="test.Test1">
        <test-method status="PASS" signature="beforeClass()[pri:0, instance:test.Test1@7c0e2abd]" name="beforeClass" is-config="true" duration-ms="11" started-at="2016-08-04T16:51:43Z" finished-at="2016-08-04T16:51:43Z">
          <reporter-output>
          </reporter-output>
        </test-method> <!-- beforeClass -->
        <test-method status="PASS" signature="f()[pri:0, instance:test.Test1@7c0e2abd]" name="f" duration-ms="9" started-at="2016-08-04T16:51:43Z" finished-at="2016-08-04T16:51:43Z">
          <reporter-output>
          </reporter-output>
        </test-method> <!-- f -->
        <test-method status="PASS" signature="afterClass()[pri:0, instance:test.Test1@7c0e2abd]" name="afterClass" is-config="true" duration-ms="0" started-at="2016-08-04T16:51:43Z" finished-at="2016-08-04T16:51:43Z">
          <reporter-output>
          </reporter-output>
        </test-method> <!-- afterClass -->
      </class> <!-- test.Test1 -->
    </test> <!-- Default test -->
  </suite> <!-- Default suite -->
</testng-results>
